<?xml version="1.0" encoding="UTF-8"?>
<!-- Generated by org.testng.reporters.JUnitXMLReporter -->
<testsuite ignored="0" hostname="LAPTOP-BGR8ADVH" failures="0" tests="4" name="Test" time="23.216" errors="0" timestamp="2021-10-31T01:02:51 IST">
  <testcase classname="Testing.Selenium_Automation.HomePageTest" name="basePage" time="1.328"/>
  <testcase classname="Testing.Selenium_Automation.TitleValidationTest" name="Page" time="2.763"/>
  <testcase classname="Testing.Selenium_Automation.HomeValidationTest" name="Page" time="3.872"/>
  <testcase classname="Testing.Selenium_Automation.SigninPageTest" name="Page" time="4.345"/>
</testsuite> <!-- Test -->
