<?xml version="1.0" encoding="UTF-8"?>
<testng-results ignored="0" total="1" passed="1" failed="0" skipped="0">
  <reporter-output>
  </reporter-output>
  <suite started-at="2021-10-30T18:29:24 IST" name="Surefire suite" finished-at="2021-10-30T18:29:34 IST" duration-ms="9416">
    <groups>
    </groups>
    <test started-at="2021-10-30T18:29:24 IST" name="Surefire test" finished-at="2021-10-30T18:29:34 IST" duration-ms="9416">
      <class name="Testing.Selenium_Automation.HomePageTest">
        <test-method is-config="true" signature="initialize()[pri:0, instance:Testing.Selenium_Automation.HomePageTest@574b560f]" started-at="2021-10-30T18:29:24 IST" name="initialize" finished-at="2021-10-30T18:29:28 IST" duration-ms="4126" status="PASS">
          <reporter-output>
          </reporter-output>
        </test-method> <!-- initialize -->
        <test-method signature="basePage()[pri:0, instance:Testing.Selenium_Automation.HomePageTest@574b560f]" started-at="2021-10-30T18:29:29 IST" name="basePage" finished-at="2021-10-30T18:29:30 IST" duration-ms="1086" status="PASS">
          <reporter-output>
          </reporter-output>
        </test-method> <!-- basePage -->
        <test-method is-config="true" signature="teardown()[pri:0, instance:Testing.Selenium_Automation.HomePageTest@574b560f]" started-at="2021-10-30T18:29:30 IST" name="teardown" finished-at="2021-10-30T18:29:34 IST" duration-ms="4153" status="PASS">
          <reporter-output>
          </reporter-output>
        </test-method> <!-- teardown -->
      </class> <!-- Testing.Selenium_Automation.HomePageTest -->
    </test> <!-- Surefire test -->
  </suite> <!-- Surefire suite -->
</testng-results>
